  Drum.cpp
c:\users\user\desktop\nottoch\tropic-island\game3\research_very_goodzzz\drum.cpp(190): warning C4244: =: преобразование "int" в "float__", возможна потеря данных
c:\users\user\desktop\nottoch\tropic-island\game3\research_very_goodzzz\drum.cpp(191): warning C4244: =: преобразование "int" в "float__", возможна потеря данных
c:\users\user\desktop\nottoch\tropic-island\game3\research_very_goodzzz\drum.cpp(192): warning C4244: =: преобразование "double" в "float__", возможна потеря данных
c:\users\user\desktop\nottoch\tropic-island\game3\research_very_goodzzz\drum.cpp(193): warning C4244: =: преобразование "double" в "float__", возможна потеря данных
c:\users\user\desktop\nottoch\tropic-island\game3\research_very_goodzzz\drum.cpp(194): warning C4244: =: преобразование "double" в "float__", возможна потеря данных
c:\users\user\desktop\nottoch\tropic-island\game3\research_very_goodzzz\drum.cpp(195): warning C4244: =: преобразование "double" в "float__", возможна потеря данных
c:\users\user\desktop\nottoch\tropic-island\game3\research_very_goodzzz\drum.cpp(196): warning C4244: =: преобразование "double" в "float__", возможна потеря данных
c:\users\user\desktop\nottoch\tropic-island\game3\research_very_goodzzz\drum.cpp(197): warning C4244: =: преобразование "double" в "float__", возможна потеря данных
c:\users\user\desktop\nottoch\tropic-island\game3\research_very_goodzzz\drum.cpp(198): warning C4244: =: преобразование "double" в "float__", возможна потеря данных
c:\users\user\desktop\nottoch\tropic-island\game3\research_very_goodzzz\drum.cpp(199): warning C4244: =: преобразование "double" в "float__", возможна потеря данных
c:\users\user\desktop\nottoch\tropic-island\game3\research_very_goodzzz\drum.cpp(200): warning C4244: =: преобразование "double" в "int__", возможна потеря данных
c:\users\user\desktop\nottoch\tropic-island\game3\research_very_goodzzz\drum.cpp(201): warning C4244: =: преобразование "double" в "int__", возможна потеря данных
c:\users\user\desktop\nottoch\tropic-island\game3\research_very_goodzzz\drum.cpp(202): warning C4244: =: преобразование "double" в "int__", возможна потеря данных
c:\users\user\desktop\nottoch\tropic-island\game3\research_very_goodzzz\drum.cpp(203): warning C4244: =: преобразование "double" в "float__", возможна потеря данных
c:\users\user\desktop\nottoch\tropic-island\game3\research_very_goodzzz\drum.cpp(204): warning C4244: =: преобразование "double" в "int__", возможна потеря данных
c:\users\user\desktop\nottoch\tropic-island\game3\research_very_goodzzz\drum.cpp(205): warning C4244: =: преобразование "double" в "bool__", возможна потеря данных
c:\users\user\desktop\nottoch\tropic-island\game3\research_very_goodzzz\drum.cpp(208): warning C4244: аргумент: преобразование "time_t" в "unsigned int", возможна потеря данных
c:\users\user\desktop\nottoch\tropic-island\game3\research_very_goodzzz\drum.cpp(230): warning C4244: return: преобразование "float__" в "bool__", возможна потеря данных
c:\users\user\desktop\nottoch\tropic-island\game3\research_very_goodzzz\drum.cpp(514): warning C4244: аргумент: преобразование "int__" в "float__", возможна потеря данных
c:\users\user\desktop\nottoch\tropic-island\game3\research_very_goodzzz\drum.cpp(521): warning C4244: аргумент: преобразование "int__" в "float__", возможна потеря данных
c:\users\user\desktop\nottoch\tropic-island\game3\research_very_goodzzz\drum.cpp(528): warning C4244: аргумент: преобразование "int__" в "float__", возможна потеря данных
c:\users\user\desktop\nottoch\tropic-island\game3\research_very_goodzzz\drum.cpp(535): warning C4244: аргумент: преобразование "int__" в "float__", возможна потеря данных
c:\users\user\desktop\nottoch\tropic-island\game3\research_very_goodzzz\drum.cpp(542): warning C4244: аргумент: преобразование "int__" в "float__", возможна потеря данных
c:\users\user\desktop\nottoch\tropic-island\game3\research_very_goodzzz\drum.cpp(549): warning C4244: аргумент: преобразование "int__" в "float__", возможна потеря данных
c:\users\user\desktop\nottoch\tropic-island\game3\research_very_goodzzz\drum.cpp(590): warning C4244: =: преобразование "float__" в "LONG", возможна потеря данных
c:\users\user\desktop\nottoch\tropic-island\game3\research_very_goodzzz\drum.cpp(591): warning C4244: =: преобразование "float__" в "LONG", возможна потеря данных
  Создание кода...
  Компиляция...
  Math.cpp
c:\users\user\desktop\nottoch\tropic-island\game3\research_very_goodzzz\math.cpp(44): warning C4244: return: преобразование "float__" в "int__", возможна потеря данных
c:\users\user\desktop\nottoch\tropic-island\game3\research_very_goodzzz\math.cpp(48): warning C4244: return: преобразование "float__" в "int__", возможна потеря данных
c:\users\user\desktop\nottoch\tropic-island\game3\research_very_goodzzz\math.cpp(52): warning C4244: return: преобразование "float__" в "int__", возможна потеря данных
c:\users\user\desktop\nottoch\tropic-island\game3\research_very_goodzzz\math.cpp(164): warning C4244: =: преобразование "int__" в "float__", возможна потеря данных
c:\users\user\desktop\nottoch\tropic-island\game3\research_very_goodzzz\math.cpp(231): warning C4390: ";": обнаружен пустой контролируемый оператор; это правильно?
  Game.cpp
c:\users\user\desktop\nottoch\tropic-island\game3\research_very_goodzzz\game.cpp(14): warning C4805: ==: небезопасное смешение типа "bool__" и типа "bool" в операции
c:\users\user\desktop\nottoch\tropic-island\game3\research_very_goodzzz\game.cpp(24): warning C4805: ==: небезопасное смешение типа "bool__" и типа "bool" в операции
c:\users\user\desktop\nottoch\tropic-island\game3\research_very_goodzzz\game.cpp(39): warning C4244: аргумент: преобразование "int__" в "float", возможна потеря данных
c:\users\user\desktop\nottoch\tropic-island\game3\research_very_goodzzz\game.cpp(40): warning C4244: аргумент: преобразование "int__" в "float", возможна потеря данных
c:\users\user\desktop\nottoch\tropic-island\game3\research_very_goodzzz\game.cpp(41): warning C4244: аргумент: преобразование "int__" в "float", возможна потеря данных
c:\users\user\desktop\nottoch\tropic-island\game3\research_very_goodzzz\game.cpp(43): warning C4244: аргумент: преобразование "float" в "int__", возможна потеря данных
c:\users\user\desktop\nottoch\tropic-island\game3\research_very_goodzzz\game.cpp(78): warning C4800: bool__: принудительно задано логическое значение "true" или "false" (предупреждение о производительности)
  Создание кода...
  game.vcxproj -> C:\Users\User\Desktop\nottoch\Tropic-Island\game3\game\Debug\game.exe
